TN:
SF:src/components/Form/Button/index.tsx
FN:11,Button
FNF:1
FNH:1
FNDA:2,Button
DA:16,2
LF:1
LH:1
BRF:0
BRH:0
end_of_record
TN:
SF:src/components/Form/CategorySelectButton/index.tsx
FN:16,CategorySelectButton
FNF:1
FNH:1
FNDA:1,CategorySelectButton
DA:21,1
LF:1
LH:1
BRF:0
BRH:0
end_of_record
TN:
SF:src/components/Form/Input/index.tsx
FN:9,Input
FNF:1
FNH:1
FNDA:3,Input
DA:10,3
LF:1
LH:1
BRDA:9,0,0,2
BRF:1
BRH:1
end_of_record
TN:
SF:src/components/Form/InputForm/index.tsx
FN:15,InputForm
FN:25,(anonymous_1)
FNF:2
FNH:2
FNDA:2,InputForm
FNDA:2,(anonymous_1)
DA:21,2
DA:26,2
LF:2
LH:2
BRDA:34,0,0,2
BRDA:34,0,1,0
BRF:2
BRH:1
end_of_record
TN:
SF:src/components/Form/TransactionTypeButton/index.tsx
FN:22,TransactionTypeButton
FNF:1
FNH:1
FNDA:2,TransactionTypeButton
DA:11,1
DA:28,2
LF:2
LH:2
BRF:0
BRH:0
end_of_record
TN:
SF:src/components/HighlightCard/index.tsx
FN:27,HighlightCard
FNF:1
FNH:0
FNDA:0,HighlightCard
DA:20,0
DA:33,0
LF:2
LH:0
BRF:0
BRH:0
end_of_record
TN:
SF:src/components/HistoryCard/index.tsx
FN:15,HistoryCard
FNF:1
FNH:0
FNDA:0,HistoryCard
DA:20,0
LF:1
LH:0
BRF:0
BRH:0
end_of_record
TN:
SF:src/components/SignInSocialButton/index.tsx
FN:16,SignInSocialButton
FNF:1
FNH:0
FNDA:0,SignInSocialButton
DA:21,0
LF:1
LH:0
BRF:0
BRH:0
end_of_record
TN:
SF:src/components/TransactionCard/index.tsx
FN:28,TransactionCard
FN:30,(anonymous_1)
FNF:2
FNH:0
FNDA:0,TransactionCard
FNDA:0,(anonymous_1)
DA:29,0
DA:30,0
DA:33,0
LF:3
LH:0
BRDA:40,0,0,0
BRDA:40,0,1,0
BRF:2
BRH:0
end_of_record
TN:
SF:src/hooks/auth.tsx
FN:41,AuthProvider
FN:47,signInWithGoogle
FN:76,signInWithApple
FN:101,(anonymous_3)
FN:102,loadUserStorageDate
FN:129,useAuth
FNF:6
FNH:5
FNDA:7,AuthProvider
FNDA:3,signInWithGoogle
FNDA:0,signInWithApple
FNDA:3,(anonymous_3)
FNDA:3,loadUserStorageDate
FNDA:7,useAuth
DA:12,1
DA:13,1
DA:39,1
DA:42,7
DA:43,7
DA:45,7
DA:48,3
DA:49,3
DA:50,3
DA:52,3
DA:58,3
DA:61,1
DA:68,1
DA:69,1
DA:72,1
DA:77,0
DA:78,0
DA:85,0
DA:86,0
DA:93,0
DA:94,0
DA:97,0
DA:101,7
DA:103,3
DA:105,3
DA:106,0
DA:107,0
DA:110,3
DA:113,3
DA:116,7
DA:130,7
DA:132,7
LF:32
LH:23
BRDA:58,0,0,1
BRDA:58,0,1,1
BRDA:85,1,0,0
BRDA:85,1,1,0
BRDA:105,2,0,0
BRDA:105,2,1,3
BRF:6
BRH:3
end_of_record
TN:
SF:src/routes/app.routes.tsx
FN:13,AppRoutes
FN:32,(anonymous_1)
FN:46,(anonymous_2)
FN:60,(anonymous_3)
FNF:4
FNH:0
FNDA:0,AppRoutes
FNDA:0,(anonymous_1)
FNDA:0,(anonymous_2)
FNDA:0,(anonymous_3)
DA:11,0
DA:14,0
DA:16,0
DA:33,0
DA:47,0
DA:61,0
LF:6
LH:0
BRDA:23,0,0,0
BRDA:23,0,1,0
BRF:2
BRH:0
end_of_record
TN:
SF:src/routes/auth.routes.tsx
FN:8,AuthRoutes
FNF:1
FNH:0
FNDA:0,AuthRoutes
DA:6,0
DA:9,0
LF:2
LH:0
BRF:0
BRH:0
end_of_record
TN:
SF:src/routes/index.tsx
FN:10,Routes
FNF:1
FNH:0
FNDA:0,Routes
DA:11,0
DA:13,0
LF:2
LH:0
BRDA:15,0,0,0
BRDA:15,0,1,0
BRF:2
BRH:0
end_of_record
TN:
SF:src/screens/CategorySelect/index.tsx
FN:30,CategorySelect
FN:36,handleCategorySelect
FN:49,(anonymous_2)
FN:50,(anonymous_3)
FN:52,(anonymous_4)
FN:59,(anonymous_5)
FNF:6
FNH:4
FNDA:1,CategorySelect
FNDA:0,handleCategorySelect
FNDA:6,(anonymous_2)
FNDA:6,(anonymous_3)
FNDA:0,(anonymous_4)
FNDA:5,(anonymous_5)
DA:37,0
DA:40,1
DA:49,6
DA:51,6
DA:52,0
DA:59,5
LF:6
LH:4
BRF:0
BRH:0
end_of_record
TN:
SF:src/screens/Dashboard/index.tsx
FN:44,Dashboard
FN:51,getLastTransactionDate
FN:57,(anonymous_2)
FN:58,(anonymous_3)
FN:63,loadTransactions
FN:72,(anonymous_5)
FN:139,(anonymous_6)
FN:143,(anonymous_7)
FN:171,(anonymous_8)
FN:204,(anonymous_9)
FN:205,(anonymous_10)
FNF:11
FNH:0
FNDA:0,Dashboard
FNDA:0,getLastTransactionDate
FNDA:0,(anonymous_2)
FNDA:0,(anonymous_3)
FNDA:0,loadTransactions
FNDA:0,(anonymous_5)
FNDA:0,(anonymous_6)
FNDA:0,(anonymous_7)
FNDA:0,(anonymous_8)
FNDA:0,(anonymous_9)
FNDA:0,(anonymous_10)
DA:45,0
DA:46,0
DA:47,0
DA:49,0
DA:55,0
DA:57,0
DA:58,0
DA:60,0
DA:64,0
DA:65,0
DA:66,0
DA:68,0
DA:69,0
DA:71,0
DA:74,0
DA:75,0
DA:77,0
DA:80,0
DA:86,0
DA:92,0
DA:103,0
DA:105,0
DA:106,0
DA:107,0
DA:110,0
DA:112,0
DA:136,0
DA:139,0
DA:140,0
DA:143,0
DA:144,0
DA:148,0
DA:204,0
DA:205,0
LF:34
LH:0
BRDA:66,0,0,0
BRDA:66,0,1,0
BRDA:74,1,0,0
BRDA:74,1,1,0
BRDA:151,2,0,0
BRDA:151,2,1,0
BRF:6
BRH:0
end_of_record
TN:
SF:src/screens/Register/index.tsx
FN:36,Register
FN:56,handleTransactionsTypeSelect
FN:60,handleOpenSelectCategoryModal
FN:61,(anonymous_3)
FN:66,handleCloseSelectCategoryModal
FN:70,handleRegister
FN:139,(anonymous_6)
FN:145,(anonymous_7)
FNF:8
FNH:2
FNDA:1,Register
FNDA:0,handleTransactionsTypeSelect
FNDA:1,handleOpenSelectCategoryModal
FNDA:0,(anonymous_3)
FNDA:0,handleCloseSelectCategoryModal
FNDA:0,handleRegister
FNDA:0,(anonymous_6)
FNDA:0,(anonymous_7)
DA:28,1
DA:37,1
DA:38,1
DA:40,1
DA:45,1
DA:52,1
DA:57,0
DA:61,1
DA:62,0
DA:67,0
DA:71,0
DA:73,0
DA:74,0
DA:76,0
DA:85,0
DA:86,0
DA:88,0
DA:89,0
DA:91,0
DA:93,0
DA:95,0
DA:96,0
DA:97,0
DA:102,0
DA:104,0
DA:105,0
DA:109,1
DA:139,0
DA:145,0
LF:29
LH:8
BRDA:71,0,0,0
BRDA:71,0,1,0
BRDA:73,1,0,0
BRDA:73,1,1,0
BRDA:89,2,0,0
BRDA:89,2,1,0
BRDA:124,3,0,1
BRDA:124,3,1,0
BRDA:132,4,0,1
BRDA:132,4,1,0
BRF:10
BRH:2
end_of_record
TN:
SF:src/screens/Resume/index.tsx
FN:47,Resume
FN:54,handleDateChange
FN:62,loadData
FN:69,(anonymous_3)
FN:77,(anonymous_4)
FN:83,(anonymous_5)
FN:86,(anonymous_6)
FN:118,(anonymous_7)
FN:145,(anonymous_8)
FN:153,(anonymous_9)
FN:162,(anonymous_10)
FN:177,(anonymous_11)
FNF:12
FNH:0
FNDA:0,Resume
FNDA:0,handleDateChange
FNDA:0,loadData
FNDA:0,(anonymous_3)
FNDA:0,(anonymous_4)
FNDA:0,(anonymous_5)
FNDA:0,(anonymous_6)
FNDA:0,(anonymous_7)
FNDA:0,(anonymous_8)
FNDA:0,(anonymous_9)
FNDA:0,(anonymous_10)
FNDA:0,(anonymous_11)
DA:48,0
DA:49,0
DA:50,0
DA:52,0
DA:55,0
DA:56,0
DA:58,0
DA:63,0
DA:64,0
DA:65,0
DA:66,0
DA:68,0
DA:70,0
DA:76,0
DA:78,0
DA:81,0
DA:83,0
DA:84,0
DA:86,0
DA:87,0
DA:88,0
DA:92,0
DA:93,0
DA:99,0
DA:102,0
DA:113,0
DA:114,0
DA:118,0
DA:119,0
DA:123,0
DA:145,0
DA:153,0
DA:162,0
DA:178,0
LF:34
LH:0
BRDA:55,0,0,0
BRDA:55,0,1,0
BRDA:66,1,0,0
BRDA:66,1,1,0
BRDA:70,2,0,0
BRDA:70,2,1,0
BRDA:70,2,2,0
BRDA:87,3,0,0
BRDA:87,3,1,0
BRDA:92,4,0,0
BRDA:92,4,1,0
BRDA:129,5,0,0
BRDA:129,5,1,0
BRF:13
BRH:0
end_of_record
TN:
SF:src/screens/SignIn/index.tsx
FN:23,SignIn
FN:26,handleSignInWithGoogle
FN:35,handleSignInWithApple
FNF:3
FNH:0
FNDA:0,SignIn
FNDA:0,handleSignInWithGoogle
FNDA:0,handleSignInWithApple
DA:24,0
DA:27,0
DA:28,0
DA:30,0
DA:31,0
DA:36,0
DA:37,0
DA:39,0
DA:40,0
DA:44,0
LF:10
LH:0
BRF:0
BRH:0
end_of_record
